1.092537029266357393e+02
7.088140277862548544e+01
6.781091251373291584e+01
6.445825138092041584e+01
6.300014877319335938e+01
6.333679199218750000e+01
5.977182044982910014e+01
6.007290973663329936e+01
5.989456806182861470e+01
5.695200672149658061e+01
6.106386280059814453e+01
6.013254489898681499e+01
5.686928558349609375e+01
5.640755577087402628e+01
5.670472030639648153e+01
5.819312801361083842e+01
6.008384838104247905e+01
5.721700172424316122e+01
5.892934322357177734e+01
5.904419326782226562e+01
5.818480186462402060e+01
5.577743473052978374e+01
6.035202941894531392e+01
5.164478969573974609e+01
5.460788097381591655e+01
5.590248146057128764e+01
5.443603096008300923e+01
5.230583190917968750e+01
5.545517807006835653e+01
5.416363964080810689e+01
5.223783397674560547e+01
5.674469013214111612e+01
5.510440196990966655e+01
5.349790763854980469e+01
5.040821475982666300e+01
5.742901363372802592e+01
5.268842449188232280e+01
5.528458595275878906e+01
5.262568035125732280e+01
4.980496025085449219e+01
5.373528480529785156e+01
5.440707836151123189e+01
5.030267715454101562e+01
5.189514694213867330e+01
5.250683593750000000e+01
5.679417934417724467e+01
5.200043869018554688e+01
4.720372352600097798e+01
5.348241024017333700e+01
4.947159614562988139e+01
4.950824604034423970e+01
5.292805805206298686e+01
5.502272949218750142e+01
4.829526519775390625e+01
4.561503314971923828e+01
4.897637119293212749e+01
5.254809818267822408e+01
5.023030033111572124e+01
4.793661975860595703e+01
4.956307258605956889e+01
4.785962276458739950e+01
5.139726905822753622e+01
4.856757831573486328e+01
5.251877956390380575e+01
4.877379798889160156e+01
5.150126781463622905e+01
4.651851062774657919e+01
4.989166316986084126e+01
5.155267124176025106e+01
4.978551311492920206e+01
4.588604440689086772e+01
5.106214962005615376e+01
4.799130401611328267e+01
5.141304092407226278e+01
4.760579156875610352e+01
4.752602472305297709e+01
4.901824264526366903e+01
5.221597785949707315e+01
5.329231739044189453e+01
5.024723434448242188e+01
4.882340288162231445e+01
5.221268959045410440e+01
4.795905170440673970e+01
4.715446929931640341e+01
4.588826198577881144e+01
4.826810693740844727e+01
4.595510616302490092e+01
4.939951305389404013e+01
4.677737588882446573e+01
4.869802818298339986e+01
4.753092575073242188e+01
4.518569145202636861e+01
4.799173669815063192e+01
5.027626895904541016e+01
4.959152603149414062e+01
4.401651401519775675e+01
4.635771217346191264e+01
4.730119724273681925e+01
5.103915920257568217e+01
4.785614852905273153e+01
4.923757381439209269e+01
4.776725120544433878e+01
4.601147804260254048e+01
4.949322729110717489e+01
4.496935653686523438e+01
4.603234453201294230e+01
4.646160945892334126e+01
4.590117835998535156e+01
4.635022373199463175e+01
4.867933225631713867e+01
4.701215534210204794e+01
4.589412574768066122e+01
4.457694683074951314e+01
4.962149953842163086e+01
4.563863697052001811e+01
4.513599090576171591e+01
4.617963647842407227e+01
4.520503044128417969e+01
4.607286767959594442e+01
4.527528762817382812e+01
4.700777864456176758e+01
4.535873279571533345e+01
4.904327697753906534e+01
5.120725727081298828e+01
4.496285266876220987e+01
4.204083223342895792e+01
4.436136589050293111e+01
4.639158792495727823e+01
4.444994125366211080e+01
4.487474651336670206e+01
4.512471752166747763e+01
4.437843418121337891e+01
4.566545305252075337e+01
4.867228660583496236e+01
4.328425970077514506e+01
4.227172908782959126e+01
4.597919044494629048e+01
4.401645202636719034e+01
5.281946516036987305e+01
4.204676733016967916e+01
4.404322853088378764e+01
4.811355190277099325e+01
4.652155895233154581e+01
4.414419136047363423e+01
5.062219924926758097e+01
4.847959566116333008e+01
4.640241746902465536e+01
4.913154640197753764e+01
4.161987667083739950e+01
4.530749626159668253e+01
4.373844575881958008e+01
4.621700258255005167e+01
4.023612756729126261e+01
4.511932563781738281e+01
4.619168148040771626e+01
4.458101234436035298e+01
4.556202278137207173e+01
4.167514743804931499e+01
4.388569087982178019e+01
4.337135934829711914e+01
4.684485273361205770e+01
5.044493713378906108e+01
4.535487890243530273e+01
4.222146291732788370e+01
4.851935157775879048e+01
4.041982049942016886e+01
4.566856489181518697e+01
4.686286191940307333e+01
4.278609676361084269e+01
4.591383705139160298e+01
4.879366979598999166e+01
4.788692569732666016e+01
4.516504945755004741e+01
3.967912616729736186e+01
4.342972822189331339e+01
4.479881877899170206e+01
4.297351226806640767e+01
4.427487812042236470e+01
4.016324262619018270e+01
4.760543384552001811e+01
4.074341011047363281e+01
4.602887496948242330e+01
4.448512792587280273e+01
4.232344141006469584e+01
4.545585002899169780e+01
4.696304550170898295e+01
4.342523117065429972e+01
4.486816101074218466e+01
4.594986515045165731e+01
4.360369691848755025e+01
4.891393156051636026e+01
4.350254421234130575e+01
4.702183647155762003e+01
4.647133579254150249e+01
4.699439373016357280e+01
4.247455835342407227e+01
